<?xml version="1.0" encoding="UTF-8"?>
<coverage generated="1666230578549" clover="3.2.0">
  <project timestamp="1666230578550" name="All files">
    <metrics statements="36" coveredstatements="34" conditionals="12" coveredconditionals="11" methods="9" coveredmethods="8" elements="57" coveredelements="53" complexity="0" loc="36" ncloc="36" packages="1" files="1" classes="1"/>
    <file name="hashtables.js" path="/Users/dcastro/projects/data-structures-and-algorithms-401/src/hashtables.js">
      <metrics statements="36" coveredstatements="34" conditionals="12" coveredconditionals="11" methods="9" coveredmethods="8"/>
      <line num="3" count="9" type="stmt"/>
      <line num="4" count="9" type="stmt"/>
      <line num="10" count="19" type="stmt"/>
      <line num="12" count="19" type="stmt"/>
      <line num="13" count="19" type="stmt"/>
      <line num="14" count="19" type="stmt"/>
      <line num="17" count="19" type="cond" truecount="2" falsecount="0"/>
      <line num="18" count="4" type="stmt"/>
      <line num="21" count="15" type="stmt"/>
      <line num="22" count="15" type="stmt"/>
      <line num="29" count="9" type="stmt"/>
      <line num="30" count="9" type="cond" truecount="2" falsecount="0"/>
      <line num="32" count="8" type="stmt"/>
      <line num="34" count="1" type="stmt"/>
      <line num="40" count="0" type="stmt"/>
      <line num="41" count="0" type="stmt"/>
      <line num="46" count="1" type="stmt"/>
      <line num="47" count="1" type="stmt"/>
      <line num="48" count="1" type="stmt"/>
      <line num="50" count="10" type="cond" truecount="2" falsecount="0"/>
      <line num="51" count="3" type="cond" truecount="2" falsecount="0"/>
      <line num="52" count="1" type="stmt"/>
      <line num="53" count="2" type="cond" truecount="2" falsecount="0"/>
      <line num="54" count="1" type="stmt"/>
      <line num="58" count="2" type="cond" truecount="1" falsecount="1"/>
      <line num="59" count="2" type="stmt"/>
      <line num="64" count="1" type="stmt"/>
      <line num="65" count="3" type="stmt"/>
      <line num="67" count="1" type="stmt"/>
      <line num="74" count="31" type="stmt"/>
      <line num="75" count="140" type="stmt"/>
      <line num="76" count="140" type="stmt"/>
      <line num="77" count="140" type="stmt"/>
      <line num="79" count="31" type="stmt"/>
      <line num="80" count="31" type="stmt"/>
      <line num="84" count="1" type="stmt"/>
    </file>
  </project>
</coverage>
