{"/Users/dcastro/projects/data-structures-and-algorithms-401/src/movies.ts": {"path":"/Users/dcastro/projects/data-structures-and-algorithms-401/src/movies.ts","statementMap":{"0":{"start":{"line":9,"column":31},"end":{"line":64,"column":1}}},"fnMap":{},"branchMap":{},"s":{"0":1},"f":{},"b":{},"_coverageSchema":"1a1c01bbd47fc00a2c39e90264f33305004495a9","hash":"1bf45ee5634838a1ae5dd85ad3b81a2bfe9dd0fc"}
,"/Users/dcastro/projects/data-structures-and-algorithms-401/src/sort.ts": {"path":"/Users/dcastro/projects/data-structures-and-algorithms-401/src/sort.ts","statementMap":{"0":{"start":{"line":4,"column":2},"end":{"line":4,"column":56}},"1":{"start":{"line":8,"column":2},"end":{"line":8,"column":78}},"2":{"start":{"line":12,"column":2},"end":{"line":14,"column":4}},"3":{"start":{"line":13,"column":4},"end":{"line":13,"column":36}},"4":{"start":{"line":18,"column":2},"end":{"line":18,"column":34}},"5":{"start":{"line":22,"column":0},"end":{"line":22,"column":33}},"6":{"start":{"line":26,"column":2},"end":{"line":26,"column":50}}},"fnMap":{"0":{"name":"compareYear","decl":{"start":{"line":3,"column":16},"end":{"line":3,"column":27}},"loc":{"start":{"line":3,"column":47},"end":{"line":5,"column":1}},"line":3},"1":{"name":"compareTitle","decl":{"start":{"line":7,"column":16},"end":{"line":7,"column":28}},"loc":{"start":{"line":7,"column":49},"end":{"line":9,"column":1}},"line":7},"2":{"name":"filterByMovieGenre","decl":{"start":{"line":11,"column":16},"end":{"line":11,"column":34}},"loc":{"start":{"line":11,"column":50},"end":{"line":15,"column":1}},"line":11},"3":{"name":"(anonymous_3)","decl":{"start":{"line":12,"column":9},"end":{"line":12,"column":10}},"loc":{"start":{"line":12,"column":28},"end":{"line":14,"column":3}},"line":12},"4":{"name":"sortYear","decl":{"start":{"line":17,"column":16},"end":{"line":17,"column":24}},"loc":{"start":{"line":17,"column":51},"end":{"line":19,"column":1}},"line":17},"5":{"name":"sortTitle","decl":{"start":{"line":21,"column":16},"end":{"line":21,"column":25}},"loc":{"start":{"line":21,"column":52},"end":{"line":23,"column":1}},"line":21},"6":{"name":"inGenre","decl":{"start":{"line":25,"column":16},"end":{"line":25,"column":23}},"loc":{"start":{"line":25,"column":65},"end":{"line":27,"column":1}},"line":25}},"branchMap":{"0":{"loc":{"start":{"line":4,"column":10},"end":{"line":4,"column":55}},"type":"cond-expr","locations":[{"start":{"line":4,"column":28},"end":{"line":4,"column":29}},{"start":{"line":4,"column":31},"end":{"line":4,"column":55}}],"line":4},"1":{"loc":{"start":{"line":4,"column":31},"end":{"line":4,"column":55}},"type":"cond-expr","locations":[{"start":{"line":4,"column":49},"end":{"line":4,"column":51}},{"start":{"line":4,"column":54},"end":{"line":4,"column":55}}],"line":4}},"s":{"0":23,"1":23,"2":1,"3":10,"4":2,"5":1,"6":1},"f":{"0":23,"1":23,"2":1,"3":10,"4":2,"5":1,"6":1},"b":{"0":[14,9],"1":[8,1]},"_coverageSchema":"1a1c01bbd47fc00a2c39e90264f33305004495a9","hash":"dbfee7b42f2168bb78beb168700786bca9aab653"}
}
