{"/Users/dcastro/CodeFellows-projects/data-structures-and-algorithms-401/src/business-trip/business-trip.js": {"path":"/Users/dcastro/CodeFellows-projects/data-structures-and-algorithms-401/src/business-trip/business-trip.js","statementMap":{"0":{"start":{"line":2,"column":14},"end":{"line":2,"column":15}},"1":{"start":{"line":6,"column":2},"end":{"line":16,"column":3}},"2":{"start":{"line":7,"column":4},"end":{"line":7,"column":57}},"3":{"start":{"line":8,"column":4},"end":{"line":15,"column":5}},"4":{"start":{"line":9,"column":6},"end":{"line":14,"column":7}},"5":{"start":{"line":10,"column":8},"end":{"line":10,"column":29}},"6":{"start":{"line":11,"column":8},"end":{"line":11,"column":17}},"7":{"start":{"line":13,"column":8},"end":{"line":13,"column":22}},"8":{"start":{"line":17,"column":2},"end":{"line":21,"column":3}},"9":{"start":{"line":18,"column":4},"end":{"line":18,"column":18}},"10":{"start":{"line":20,"column":4},"end":{"line":20,"column":23}},"11":{"start":{"line":24,"column":0},"end":{"line":24,"column":30}}},"fnMap":{"0":{"name":"businessTrip","decl":{"start":{"line":1,"column":9},"end":{"line":1,"column":21}},"loc":{"start":{"line":1,"column":39},"end":{"line":22,"column":1}},"line":1}},"branchMap":{"0":{"loc":{"start":{"line":9,"column":6},"end":{"line":14,"column":7}},"type":"if","locations":[{"start":{"line":9,"column":6},"end":{"line":14,"column":7}},{"start":{"line":12,"column":13},"end":{"line":14,"column":7}}],"line":9},"1":{"loc":{"start":{"line":17,"column":2},"end":{"line":21,"column":3}},"type":"if","locations":[{"start":{"line":17,"column":2},"end":{"line":21,"column":3}},{"start":{"line":19,"column":9},"end":{"line":21,"column":3}}],"line":17}},"s":{"0":3,"1":3,"2":7,"3":7,"4":3,"5":2,"6":2,"7":1,"8":1,"9":1,"10":0,"11":1},"f":{"0":3},"b":{"0":[2,1],"1":[1,0]},"_coverageSchema":"1a1c01bbd47fc00a2c39e90264f33305004495a9","hash":"d18299ebf32805e0246da1dfaf5d490cdad99cc3"}
,"/Users/dcastro/CodeFellows-projects/data-structures-and-algorithms-401/src/graphs/edge.js": {"path":"/Users/dcastro/CodeFellows-projects/data-structures-and-algorithms-401/src/graphs/edge.js","statementMap":{"0":{"start":{"line":3,"column":4},"end":{"line":3,"column":21}},"1":{"start":{"line":4,"column":4},"end":{"line":4,"column":25}},"2":{"start":{"line":8,"column":0},"end":{"line":8,"column":22}}},"fnMap":{"0":{"name":"(anonymous_0)","decl":{"start":{"line":2,"column":2},"end":{"line":2,"column":3}},"loc":{"start":{"line":2,"column":32},"end":{"line":5,"column":3}},"line":2}},"branchMap":{"0":{"loc":{"start":{"line":2,"column":20},"end":{"line":2,"column":30}},"type":"default-arg","locations":[{"start":{"line":2,"column":29},"end":{"line":2,"column":30}}],"line":2}},"s":{"0":3,"1":3,"2":1},"f":{"0":3},"b":{"0":[0]},"_coverageSchema":"1a1c01bbd47fc00a2c39e90264f33305004495a9","hash":"c0452b8666bb0887d9c33ce9c0d9f980896e1797"}
,"/Users/dcastro/CodeFellows-projects/data-structures-and-algorithms-401/src/graphs/graph.js": {"path":"/Users/dcastro/CodeFellows-projects/data-structures-and-algorithms-401/src/graphs/graph.js","statementMap":{"0":{"start":{"line":1,"column":13},"end":{"line":1,"column":30}},"1":{"start":{"line":5,"column":4},"end":{"line":5,"column":35}},"2":{"start":{"line":10,"column":14},"end":{"line":10,"column":25}},"3":{"start":{"line":11,"column":4},"end":{"line":11,"column":44}},"4":{"start":{"line":12,"column":4},"end":{"line":12,"column":16}},"5":{"start":{"line":16,"column":15},"end":{"line":16,"column":36}},"6":{"start":{"line":17,"column":22},"end":{"line":17,"column":57}},"7":{"start":{"line":18,"column":4},"end":{"line":18,"column":25}},"8":{"start":{"line":23,"column":18},"end":{"line":23,"column":20}},"9":{"start":{"line":24,"column":4},"end":{"line":26,"column":5}},"10":{"start":{"line":25,"column":6},"end":{"line":25,"column":22}},"11":{"start":{"line":27,"column":4},"end":{"line":27,"column":17}},"12":{"start":{"line":31,"column":4},"end":{"line":31,"column":46}},"13":{"start":{"line":35,"column":4},"end":{"line":35,"column":40}},"14":{"start":{"line":40,"column":20},"end":{"line":40,"column":22}},"15":{"start":{"line":41,"column":18},"end":{"line":41,"column":20}},"16":{"start":{"line":42,"column":20},"end":{"line":42,"column":29}},"17":{"start":{"line":44,"column":4},"end":{"line":44,"column":28}},"18":{"start":{"line":45,"column":4},"end":{"line":45,"column":21}},"19":{"start":{"line":47,"column":4},"end":{"line":57,"column":5}},"20":{"start":{"line":48,"column":18},"end":{"line":48,"column":31}},"21":{"start":{"line":49,"column":6},"end":{"line":49,"column":32}},"22":{"start":{"line":50,"column":22},"end":{"line":50,"column":46}},"23":{"start":{"line":51,"column":6},"end":{"line":56,"column":7}},"24":{"start":{"line":52,"column":8},"end":{"line":55,"column":9}},"25":{"start":{"line":53,"column":10},"end":{"line":53,"column":43}},"26":{"start":{"line":54,"column":10},"end":{"line":54,"column":44}},"27":{"start":{"line":58,"column":4},"end":{"line":58,"column":19}},"28":{"start":{"line":62,"column":4},"end":{"line":62,"column":35}},"29":{"start":{"line":68,"column":0},"end":{"line":68,"column":23}}},"fnMap":{"0":{"name":"(anonymous_0)","decl":{"start":{"line":4,"column":2},"end":{"line":4,"column":3}},"loc":{"start":{"line":4,"column":16},"end":{"line":7,"column":3}},"line":4},"1":{"name":"(anonymous_1)","decl":{"start":{"line":9,"column":2},"end":{"line":9,"column":3}},"loc":{"start":{"line":9,"column":16},"end":{"line":13,"column":3}},"line":9},"2":{"name":"(anonymous_2)","decl":{"start":{"line":15,"column":2},"end":{"line":15,"column":3}},"loc":{"start":{"line":15,"column":34},"end":{"line":20,"column":3}},"line":15},"3":{"name":"(anonymous_3)","decl":{"start":{"line":22,"column":2},"end":{"line":22,"column":3}},"loc":{"start":{"line":22,"column":13},"end":{"line":28,"column":3}},"line":22},"4":{"name":"(anonymous_4)","decl":{"start":{"line":30,"column":2},"end":{"line":30,"column":3}},"loc":{"start":{"line":30,"column":21},"end":{"line":32,"column":3}},"line":30},"5":{"name":"(anonymous_5)","decl":{"start":{"line":34,"column":2},"end":{"line":34,"column":3}},"loc":{"start":{"line":34,"column":36},"end":{"line":36,"column":3}},"line":34},"6":{"name":"(anonymous_6)","decl":{"start":{"line":39,"column":2},"end":{"line":39,"column":3}},"loc":{"start":{"line":39,"column":27},"end":{"line":59,"column":3}},"line":39},"7":{"name":"(anonymous_7)","decl":{"start":{"line":61,"column":2},"end":{"line":61,"column":3}},"loc":{"start":{"line":61,"column":9},"end":{"line":63,"column":3}},"line":61}},"branchMap":{"0":{"loc":{"start":{"line":15,"column":22},"end":{"line":15,"column":32}},"type":"default-arg","locations":[{"start":{"line":15,"column":31},"end":{"line":15,"column":32}}],"line":15},"1":{"loc":{"start":{"line":52,"column":8},"end":{"line":55,"column":9}},"type":"if","locations":[{"start":{"line":52,"column":8},"end":{"line":55,"column":9}},{"start":{},"end":{}}],"line":52}},"s":{"0":1,"1":3,"2":7,"3":7,"4":7,"5":3,"6":3,"7":3,"8":0,"9":0,"10":0,"11":0,"12":0,"13":7,"14":0,"15":0,"16":0,"17":0,"18":0,"19":0,"20":0,"21":0,"22":0,"23":0,"24":0,"25":0,"26":0,"27":0,"28":0,"29":1},"f":{"0":3,"1":7,"2":3,"3":0,"4":0,"5":7,"6":0,"7":0},"b":{"0":[0],"1":[0,0]},"_coverageSchema":"1a1c01bbd47fc00a2c39e90264f33305004495a9","hash":"6d2ddcb1a98fc276e34a1412f02fae4465da782f"}
,"/Users/dcastro/CodeFellows-projects/data-structures-and-algorithms-401/src/graphs/node.js": {"path":"/Users/dcastro/CodeFellows-projects/data-structures-and-algorithms-401/src/graphs/node.js","statementMap":{"0":{"start":{"line":3,"column":4},"end":{"line":3,"column":23}},"1":{"start":{"line":7,"column":0},"end":{"line":7,"column":22}}},"fnMap":{"0":{"name":"(anonymous_0)","decl":{"start":{"line":2,"column":2},"end":{"line":2,"column":3}},"loc":{"start":{"line":2,"column":21},"end":{"line":4,"column":3}},"line":2}},"branchMap":{},"s":{"0":8,"1":1},"f":{"0":8},"b":{},"_coverageSchema":"1a1c01bbd47fc00a2c39e90264f33305004495a9","hash":"03f0dbdcea5beef470d68df7c88e2bf5b0425814"}
}
