TN:
SF:src/movies.ts
FNF:0
FNH:0
DA:9,1
LF:1
LH:1
BRF:0
BRH:0
end_of_record
TN:
SF:src/sort.ts
FN:3,compareYear
FN:7,compareTitle
FN:11,filterByMovieGenre
FN:12,(anonymous_3)
FN:17,sortYear
FN:21,sortTitle
FN:25,inGenre
FNF:7
FNH:7
FNDA:23,compareYear
FNDA:23,compareTitle
FNDA:1,filterByMovieGenre
FNDA:10,(anonymous_3)
FNDA:2,sortYear
FNDA:1,sortTitle
FNDA:1,inGenre
DA:4,23
DA:8,23
DA:12,1
DA:13,10
DA:18,2
DA:22,1
DA:26,1
LF:7
LH:7
BRDA:4,0,0,14
BRDA:4,0,1,9
BRDA:4,1,0,8
BRDA:4,1,1,1
BRF:4
BRH:4
end_of_record
