TN:
SF:src/business-trip/business-trip.js
FN:1,businessTrip
FNF:1
FNH:1
FNDA:3,businessTrip
DA:2,3
DA:6,3
DA:7,7
DA:8,7
DA:9,3
DA:10,2
DA:11,2
DA:13,1
DA:17,1
DA:18,1
DA:20,0
DA:24,1
LF:12
LH:11
BRDA:9,0,0,2
BRDA:9,0,1,1
BRDA:17,1,0,1
BRDA:17,1,1,0
BRF:4
BRH:3
end_of_record
TN:
SF:src/graphs/edge.js
FN:2,(anonymous_0)
FNF:1
FNH:1
FNDA:3,(anonymous_0)
DA:3,3
DA:4,3
DA:8,1
LF:3
LH:3
BRDA:2,0,0,0
BRF:1
BRH:0
end_of_record
TN:
SF:src/graphs/graph.js
FN:4,(anonymous_0)
FN:9,(anonymous_1)
FN:15,(anonymous_2)
FN:22,(anonymous_3)
FN:30,(anonymous_4)
FN:34,(anonymous_5)
FN:39,(anonymous_6)
FN:61,(anonymous_7)
FNF:8
FNH:4
FNDA:3,(anonymous_0)
FNDA:7,(anonymous_1)
FNDA:3,(anonymous_2)
FNDA:0,(anonymous_3)
FNDA:0,(anonymous_4)
FNDA:7,(anonymous_5)
FNDA:0,(anonymous_6)
FNDA:0,(anonymous_7)
DA:1,1
DA:5,3
DA:10,7
DA:11,7
DA:12,7
DA:16,3
DA:17,3
DA:18,3
DA:23,0
DA:24,0
DA:25,0
DA:27,0
DA:31,0
DA:35,7
DA:40,0
DA:41,0
DA:42,0
DA:44,0
DA:45,0
DA:47,0
DA:48,0
DA:49,0
DA:50,0
DA:51,0
DA:52,0
DA:53,0
DA:54,0
DA:58,0
DA:62,0
DA:68,1
LF:30
LH:10
BRDA:15,0,0,0
BRDA:52,1,0,0
BRDA:52,1,1,0
BRF:3
BRH:0
end_of_record
TN:
SF:src/graphs/node.js
FN:2,(anonymous_0)
FNF:1
FNH:1
FNDA:8,(anonymous_0)
DA:3,8
DA:7,1
LF:2
LH:2
BRF:0
BRH:0
end_of_record
